Время запуска: 2023-03-28 время: 23:13:37:55333000
Название функции: hello_world
Передаваемые аргументы: ('args нет', 'kwargs нет')
Результат выполнения: Hello World
**************************************************
Время запуска: 2023-03-28 время: 23:13:37:55333000
Название функции: summator
Передаваемые аргументы: ('2, 2', 'kwargs нет')
Результат выполнения: 4
**************************************************
Время запуска: 2023-03-28 время: 23:13:37:55432800
Название функции: div
Передаваемые аргументы: ('6, 2', 'kwargs нет')
Результат выполнения: 3.0
**************************************************
Время запуска: 2023-03-28 время: 23:13:37:55432800
Название функции: summator
Передаваемые аргументы: ('4.3', 'b=2.2')
Результат выполнения: 6.5
**************************************************
