Время запуска: 2023-03-28 время: 23:13:37:546
Название функции: hello_world
Передаваемые аргументы: ('Нет аргументов', 'Нет аргументов')
Результат выполнения: Hello World
**************************************************
Время запуска: 2023-03-28 время: 23:13:37:547
Название функции: summator
Передаваемые аргументы: ('2, 2', 'Нет аргументов')
Результат выполнения: 4
**************************************************
Время запуска: 2023-03-28 время: 23:13:37:548
Название функции: div
Передаваемые аргументы: ('6, 2', 'Нет аргументов')
Результат выполнения: 3.0
**************************************************
Время запуска: 2023-03-28 время: 23:13:37:549
Название функции: summator
Передаваемые аргументы: ('4.3', 'b=2.2')
Результат выполнения: 6.5
**************************************************
Время запуска: 2023-03-28 время: 23:13:37:549
Название функции: summator
Передаваемые аргументы: ('Нет аргументов', 'a=0, b=0')
Результат выполнения: 0
**************************************************
